生成启动时间为 2016/9/13 22:55:21。
     1>项目“E:\TsinghuaCourses\大一暑\c++\大作业\Railway\Railway\Railway.vcxproj”在节点 2 上(Build 个目标)。
     1>ClCompile:
         D:\Program Files (x86)\VS\VC\bin\x86_amd64\CL.exe /c /I.\GeneratedFiles /I. /IC:\Qt\Qt5.1.0\5.1.0\msvc2012_64_opengl\include /I.\GeneratedFiles\Release /IC:\Qt\Qt5.1.0\5.1.0\msvc2012_64_opengl\include\QtCore /IC:\Qt\Qt5.1.0\5.1.0\msvc2012_64_opengl\include\QtGui /IC:\Qt\Qt5.1.0\5.1.0\msvc2012_64_opengl\include\QtMultimedia /IC:\Qt\Qt5.1.0\5.1.0\msvc2012_64_opengl\include\QtNetwork /IC:\Qt\Qt5.1.0\5.1.0\msvc2012_64_opengl\include\QtSql /IC:\Qt\Qt5.1.0\5.1.0\msvc2012_64_opengl\include\ActiveQt /IC:\Qt\Qt5.1.0\5.1.0\msvc2012_64_opengl\include\QtPrintSupport /IC:\Qt\Qt5.1.0\5.1.0\msvc2012_64_opengl\include\QtWidgets /IC:\Qt\Qt5.1.0\5.1.0\msvc2012_64_opengl\include\QtOpenGL /nologo /W1 /WX- /O2 /D UNICODE /D WIN32 /D WIN64 /D QT_DLL /D QT_NO_DEBUG /D NDEBUG /D QT_CORE_LIB /D QT_GUI_LIB /D QT_MULTIMEDIA_LIB /D QT_NETWORK_LIB /D QT_SQL_LIB /D QAXSERVER /D QT_PRINTSUPPORT_LIB /D QT_WIDGETS_LIB /D QT_OPENGL_LIB /Gm- /EHsc /MD /GS /fp:precise /Zc:wchar_t- /Zc:forScope /Fo"x64\Release\\" /Fd"x64\Release\vc110.pdb" /Gd /TP /errorReport:prompt mainwindow.cpp mydatabase.cpp mytcpserver.cpp railway.cpp
         mainwindow.cpp
         mydatabase.cpp
         mytcpserver.cpp
         railway.cpp
         正在生成代码...
     1>e:\tsinghuacourses\大一暑\c++\大作业\railway\railway\mydatabase.cpp(339): warning C4715: “MyDataBase::ticketReturn”: 不是所有的控件路径都返回值
     1>e:\tsinghuacourses\大一暑\c++\大作业\railway\railway\mydatabase.cpp(804): warning C4715: “MyDataBase::updateTrainInfo”: 不是所有的控件路径都返回值
       Link:
         D:\Program Files (x86)\VS\VC\bin\x86_amd64\link.exe /ERRORREPORT:PROMPT /OUT:"E:\TsinghuaCourses\大一暑\c++\大作业\Railway\x64\Release\\Railway.exe" /NOLOGO /LIBPATH:C:\Qt\Qt5.1.0\5.1.0\msvc2012_64_opengl\lib qtmain.lib Qt5Core.lib Qt5Gui.lib Qt5Multimedia.lib Qt5Network.lib Qt5Sql.lib Qt5AxServer.lib Qt5AxBase.lib Qt5PrintSupport.lib Qt5Widgets.lib Qt5OpenGL.lib opengl32.lib glu32.lib kernel32.lib user32.lib gdi32.lib winspool.lib comdlg32.lib advapi32.lib shell32.lib ole32.lib oleaut32.lib uuid.lib odbc32.lib odbccp32.lib /MANIFEST /MANIFESTUAC:"level='asInvoker' uiAccess='false'" /manifest:embed /PDB:"E:\TsinghuaCourses\大一暑\c++\大作业\Railway\x64\Release\Railway.pdb" /SUBSYSTEM:WINDOWS /TLBID:1 /DYNAMICBASE /NXCOMPAT /IMPLIB:"E:\TsinghuaCourses\大一暑\c++\大作业\Railway\x64\Release\Railway.lib" /MACHINE:X64 x64\Release\addtext.obj
         x64\Release\admin.obj
         x64\Release\qrc_railway.obj
         x64\Release\moc_addtext.obj
         x64\Release\moc_mainwindow.obj
         x64\Release\moc_mydatabase.obj
         x64\Release\moc_mytcpserver.obj
         x64\Release\moc_railway.obj
         x64\Release\moc_userinfo.obj
         x64\Release\main.obj
         x64\Release\mainwindow.obj
         x64\Release\mydatabase.obj
         x64\Release\mytcpserver.obj
         x64\Release\railway.obj
         x64\Release\Ticket.obj
         x64\Release\Train.obj
         x64\Release\User.obj
         x64\Release\userinfo.obj
         Railway.vcxproj -> E:\TsinghuaCourses\大一暑\c++\大作业\Railway\x64\Release\Railway.exe
     1>已完成生成项目“E:\TsinghuaCourses\大一暑\c++\大作业\Railway\Railway\Railway.vcxproj”(Build 个目标)的操作。

生成成功。

已用时间 00:00:05.65
