生成启动时间为 2016/8/28 16:16:15。
     1>项目“E:\TsinghuaCourses\大一暑\c++\大作业\Railway\Railway\Railway.vcxproj”在节点 2 上(Build 个目标)。
     1>CustomBuild:
         Moc'ing railway.h...
         Rcc'ing railway.qrc...
       ClCompile:
         D:\Program Files (x86)\VS\VC\bin\CL.exe /c /I.\GeneratedFiles /I. /IC:\Qt\Qt5.1.0\5.1.0\msvc2012_64_opengl\include /I.\GeneratedFiles\Debug /IC:\Qt\Qt5.1.0\5.1.0\msvc2012_64_opengl\include\QtCore /IC:\Qt\Qt5.1.0\5.1.0\msvc2012_64_opengl\include\QtGui /IC:\Qt\Qt5.1.0\5.1.0\msvc2012_64_opengl\include\QtMultimedia /IC:\Qt\Qt5.1.0\5.1.0\msvc2012_64_opengl\include\QtNetwork /IC:\Qt\Qt5.1.0\5.1.0\msvc2012_64_opengl\include\QtSql /IC:\Qt\Qt5.1.0\5.1.0\msvc2012_64_opengl\include\ActiveQt /IC:\Qt\Qt5.1.0\5.1.0\msvc2012_64_opengl\include\QtPrintSupport /IC:\Qt\Qt5.1.0\5.1.0\msvc2012_64_opengl\include\QtWidgets /Zi /nologo /W1 /WX- /Od /Oy- /D UNICODE /D WIN32 /D WIN64 /D QT_DLL /D QT_CORE_LIB /D QT_GUI_LIB /D QT_MULTIMEDIA_LIB /D QT_NETWORK_LIB /D QT_SQL_LIB /D QAXSERVER /D QT_PRINTSUPPORT_LIB /D QT_WIDGETS_LIB /Gm- /EHsc /MDd /GS /fp:precise /Zc:wchar_t- /Zc:forScope /Fo"Debug\\" /Fd"Debug\vc110.pdb" /Gd /TP /analyze- /errorReport:prompt GeneratedFiles\Debug\moc_railway.cpp main.cpp railway.cpp
         moc_railway.cpp
         main.cpp
         railway.cpp
         正在生成代码...
         D:\Program Files (x86)\VS\VC\bin\CL.exe /c /I.\GeneratedFiles /I. /IC:\Qt\Qt5.1.0\5.1.0\msvc2012_64_opengl\include /I.\GeneratedFiles\Debug /IC:\Qt\Qt5.1.0\5.1.0\msvc2012_64_opengl\include\QtCore /IC:\Qt\Qt5.1.0\5.1.0\msvc2012_64_opengl\include\QtGui /IC:\Qt\Qt5.1.0\5.1.0\msvc2012_64_opengl\include\QtMultimedia /IC:\Qt\Qt5.1.0\5.1.0\msvc2012_64_opengl\include\QtNetwork /IC:\Qt\Qt5.1.0\5.1.0\msvc2012_64_opengl\include\QtSql /IC:\Qt\Qt5.1.0\5.1.0\msvc2012_64_opengl\include\ActiveQt /IC:\Qt\Qt5.1.0\5.1.0\msvc2012_64_opengl\include\QtPrintSupport /IC:\Qt\Qt5.1.0\5.1.0\msvc2012_64_opengl\include\QtWidgets /Zi /nologo /W1 /WX- /Od /Oy- /D UNICODE /D WIN32 /D WIN64 /D QT_DLL /D QT_CORE_LIB /D QT_GUI_LIB /D QT_MULTIMEDIA_LIB /D QT_NETWORK_LIB /D QT_SQL_LIB /D QAXSERVER /D QT_PRINTSUPPORT_LIB /D QT_WIDGETS_LIB /Gm- /EHsc /MDd /GS /fp:precise /Zc:wchar_t- /Zc:forScope /Fo"Debug\\" /Fd"Debug\vc110.pdb" /Gd /TP /analyze- /errorReport:prompt GeneratedFiles\qrc_railway.cpp
         qrc_railway.cpp
       Link:
         D:\Program Files (x86)\VS\VC\bin\link.exe /ERRORREPORT:PROMPT /OUT:"E:\TsinghuaCourses\大一暑\c++\大作业\Railway\Win32\Debug\\Railway.exe" /NOLOGO /LIBPATH:C:\Qt\Qt5.1.0\5.1.0\msvc2012_64_opengl\lib qtmaind.lib Qt5Cored.lib Qt5Guid.lib Qt5Multimediad.lib Qt5Networkd.lib Qt5Sqld.lib Qt5AxServerd.lib Qt5AxBased.lib Qt5PrintSupportd.lib Qt5Widgetsd.lib kernel32.lib user32.lib gdi32.lib winspool.lib comdlg32.lib advapi32.lib shell32.lib ole32.lib oleaut32.lib uuid.lib odbc32.lib odbccp32.lib /MANIFEST /MANIFESTUAC:"level='asInvoker' uiAccess='false'" /manifest:embed /DEBUG /PDB:"E:\TsinghuaCourses\大一暑\c++\大作业\Railway\Win32\Debug\Railway.pdb" /SUBSYSTEM:CONSOLE /TLBID:1 /DYNAMICBASE /NXCOMPAT /IMPLIB:"E:\TsinghuaCourses\大一暑\c++\大作业\Railway\Win32\Debug\Railway.lib" /MACHINE:X86 /SAFESEH Debug\moc_railway.obj
         Debug\qrc_railway.obj
         Debug\main.obj
         Debug\railway.obj
     1>Qt5Widgetsd.lib(Qt5Widgetsd.dll) : fatal error LNK1112: 模块计算机类型“x64”与目标计算机类型“X86”冲突
     1>已完成生成项目“E:\TsinghuaCourses\大一暑\c++\大作业\Railway\Railway\Railway.vcxproj”(Build 个目标)的操作 - 失败。

生成失败。

已用时间 00:00:13.74
