D:\DOCUMENTS\CLIENT\CLIENT\X64\DEBUG\REGISTERWINDOW.OBJ
D:\DOCUMENTS\CLIENT\CLIENT\X64\DEBUG\MAINWINDOW.OBJ
D:\DOCUMENTS\CLIENT\CLIENT\X64\DEBUG\MAIN.OBJ
D:\DOCUMENTS\CLIENT\CLIENT\X64\DEBUG\LOGINWINDOW.OBJ
D:\DOCUMENTS\CLIENT\CLIENT\X64\DEBUG\MOC_USER.OBJ
D:\DOCUMENTS\CLIENT\CLIENT\X64\DEBUG\MOC_TRAIN.OBJ
D:\DOCUMENTS\CLIENT\CLIENT\X64\DEBUG\MOC_TESTCLIENT.OBJ
D:\DOCUMENTS\CLIENT\CLIENT\X64\DEBUG\MOC_REGISTERWINDOW.OBJ
D:\DOCUMENTS\CLIENT\CLIENT\X64\DEBUG\MOC_MAINWINDOW.OBJ
D:\DOCUMENTS\CLIENT\CLIENT\X64\DEBUG\MOC_LOGINWINDOW.OBJ
D:\DOCUMENTS\CLIENT\CLIENT\X64\DEBUG\MOC_ADMINWINDOW.OBJ
D:\DOCUMENTS\CLIENT\CLIENT\X64\DEBUG\MOC_ADMIN.OBJ
D:\DOCUMENTS\CLIENT\CLIENT\X64\DEBUG\MOC_ADDTRAINWINDOW.OBJ
D:\DOCUMENTS\CLIENT\CLIENT\X64\DEBUG\MOC_ABSTRACTUSER.OBJ
D:\DOCUMENTS\CLIENT\CLIENT\X64\DEBUG\ADMINWINDOW.OBJ
D:\DOCUMENTS\CLIENT\CLIENT\X64\DEBUG\ADMIN.OBJ
D:\DOCUMENTS\CLIENT\CLIENT\X64\DEBUG\ADDTRAINWINDOW.OBJ
D:\DOCUMENTS\CLIENT\CLIENT\X64\DEBUG\ABSTRACTUSER.OBJ
D:\DOCUMENTS\CLIENT\CLIENT\X64\DEBUG\USER.OBJ
D:\DOCUMENTS\CLIENT\CLIENT\X64\DEBUG\TRAIN.OBJ
D:\DOCUMENTS\CLIENT\CLIENT\X64\DEBUG\TICKET.OBJ
D:\DOCUMENTS\CLIENT\CLIENT\X64\DEBUG\TESTCLIENT.OBJ
D:\DOCUMENTS\CLIENT\CLIENT\X64\DEBUG\MOC_EDITTRAINWINDOW.OBJ
D:\DOCUMENTS\CLIENT\CLIENT\X64\DEBUG\EDITTRAINWINDOW.OBJ
D:\DOCUMENTS\CLIENT\CLIENT\X64\DEBUG\CONNECTWINDOW.OBJ
D:\DOCUMENTS\CLIENT\CLIENT\X64\DEBUG\MOC_CONNECTWINDOW.OBJ
D:\DOCUMENTS\CLIENT\CLIENT\X64\DEBUG\VC110.PDB
D:\DOCUMENTS\CLIENT\CLIENT\X64\DEBUG\CLIENT.OBJ
D:\DOCUMENTS\CLIENT\CLIENT\X64\DEBUG\MOC_CLIENT.OBJ
D:\DOCUMENTS\CLIENT\CLIENT\X64\DEBUG\QRC_MAIN.OBJ
D:\DOCUMENTS\CLIENT\CLIENT\X64\DEBUG\QRC_LOGINWINDOW.OBJ
D:\DOCUMENTS\CLIENT\CLIENT\GENERATEDFILES\DEBUG\MOC_ABSTRACTUSER.CPP
D:\DOCUMENTS\CLIENT\CLIENT\GENERATEDFILES\QRC_MAIN.CPP
D:\DOCUMENTS\CLIENT\CLIENT\GENERATEDFILES\UI_TEST.H
D:\DOCUMENTS\CLIENT\CLIENT\GENERATEDFILES\DEBUG\MOC_TRAIN.CPP
D:\DOCUMENTS\CLIENT\CLIENT\GENERATEDFILES\QRC_LOGINWINDOW.CPP
D:\DOCUMENTS\CLIENT\CLIENT\GENERATEDFILES\DEBUG\MOC_ADDTRAINWINDOW.CPP
D:\DOCUMENTS\CLIENT\CLIENT\GENERATEDFILES\DEBUG\MOC_LOGINWINDOW.CPP
D:\DOCUMENTS\CLIENT\CLIENT\GENERATEDFILES\DEBUG\MOC_ADMINWINDOW.CPP
D:\DOCUMENTS\CLIENT\CLIENT\GENERATEDFILES\DEBUG\MOC_ADMIN.CPP
D:\DOCUMENTS\CLIENT\CLIENT\GENERATEDFILES\DEBUG\MOC_EDITTRAINWINDOW.CPP
D:\DOCUMENTS\CLIENT\CLIENT\GENERATEDFILES\DEBUG\MOC_CONNECTWINDOW.CPP
D:\DOCUMENTS\CLIENT\CLIENT\GENERATEDFILES\DEBUG\MOC_CLIENT.CPP
D:\DOCUMENTS\CLIENT\CLIENT\GENERATEDFILES\DEBUG\MOC_USER.CPP
D:\DOCUMENTS\CLIENT\CLIENT\GENERATEDFILES\DEBUG\MOC_MAINWINDOW.CPP
D:\DOCUMENTS\CLIENT\CLIENT\GENERATEDFILES\DEBUG\MOC_REGISTERWINDOW.CPP
D:\DOCUMENTS\CLIENT\CLIENT\GENERATEDFILES\UI_CONNECT.H
D:\DOCUMENTS\CLIENT\CLIENT\GENERATEDFILES\UI_REGISTERWINDOW.H
D:\DOCUMENTS\CLIENT\CLIENT\GENERATEDFILES\UI_PAY.H
D:\DOCUMENTS\CLIENT\CLIENT\GENERATEDFILES\UI_TRAINDETAIL.H
D:\DOCUMENTS\CLIENT\CLIENT\GENERATEDFILES\UI_ADDTRAIN.H
D:\DOCUMENTS\CLIENT\CLIENT\GENERATEDFILES\UI_DELETETRAIN.H
D:\DOCUMENTS\CLIENT\CLIENT\GENERATEDFILES\UI_EDITTRAIN.H
D:\DOCUMENTS\CLIENT\CLIENT\GENERATEDFILES\UI_BUYOTHER.H
D:\DOCUMENTS\CLIENT\CLIENT\GENERATEDFILES\UI_MAINWINDOW.H
D:\DOCUMENTS\CLIENT\CLIENT\GENERATEDFILES\UI_MAINWINDOWADMIN.H
D:\DOCUMENTS\CLIENT\CLIENT\GENERATEDFILES\UI_LOGINWINDOW.H
D:\DOCUMENTS\CLIENT\X64\DEBUG\12306.ILK
D:\DOCUMENTS\CLIENT\X64\DEBUG\12306.EXE
D:\DOCUMENTS\CLIENT\X64\DEBUG\12306.PDB
E:\TsinghuaCourses\大一暑\c++\大作业\client (3)\client\client\x64\Debug\abstractuser.obj
E:\TsinghuaCourses\大一暑\c++\大作业\client (3)\client\client\x64\Debug\addtrainwindow.obj
E:\TsinghuaCourses\大一暑\c++\大作业\client (3)\client\client\x64\Debug\admin.obj
E:\TsinghuaCourses\大一暑\c++\大作业\client (3)\client\client\x64\Debug\adminwindow.obj
E:\TsinghuaCourses\大一暑\c++\大作业\client (3)\client\client\x64\Debug\client.obj
E:\TsinghuaCourses\大一暑\c++\大作业\client (3)\client\client\x64\Debug\connectwindow.obj
E:\TsinghuaCourses\大一暑\c++\大作业\client (3)\client\client\x64\Debug\edittrainwindow.obj
E:\TsinghuaCourses\大一暑\c++\大作业\client (3)\client\client\x64\Debug\loginwindow.obj
E:\TsinghuaCourses\大一暑\c++\大作业\client (3)\client\client\x64\Debug\main.obj
E:\TsinghuaCourses\大一暑\c++\大作业\client (3)\client\client\x64\Debug\mainwindow.obj
E:\TsinghuaCourses\大一暑\c++\大作业\client (3)\client\client\x64\Debug\moc_abstractuser.obj
E:\TsinghuaCourses\大一暑\c++\大作业\client (3)\client\client\x64\Debug\moc_addTrainWindow.obj
E:\TsinghuaCourses\大一暑\c++\大作业\client (3)\client\client\x64\Debug\moc_admin.obj
E:\TsinghuaCourses\大一暑\c++\大作业\client (3)\client\client\x64\Debug\moc_adminwindow.obj
E:\TsinghuaCourses\大一暑\c++\大作业\client (3)\client\client\x64\Debug\moc_client.obj
E:\TsinghuaCourses\大一暑\c++\大作业\client (3)\client\client\x64\Debug\moc_connectwindow.obj
E:\TsinghuaCourses\大一暑\c++\大作业\client (3)\client\client\x64\Debug\moc_edittrainwindow.obj
E:\TsinghuaCourses\大一暑\c++\大作业\client (3)\client\client\x64\Debug\moc_loginwindow.obj
E:\TsinghuaCourses\大一暑\c++\大作业\client (3)\client\client\x64\Debug\moc_mainwindow.obj
E:\TsinghuaCourses\大一暑\c++\大作业\client (3)\client\client\x64\Debug\moc_registerwindow.obj
E:\TsinghuaCourses\大一暑\c++\大作业\client (3)\client\client\x64\Debug\moc_testclient.obj
E:\TsinghuaCourses\大一暑\c++\大作业\client (3)\client\client\x64\Debug\moc_train.obj
E:\TsinghuaCourses\大一暑\c++\大作业\client (3)\client\client\x64\Debug\moc_user.obj
E:\TsinghuaCourses\大一暑\c++\大作业\client (3)\client\client\x64\Debug\qrc_loginwindow.obj
E:\TsinghuaCourses\大一暑\c++\大作业\client (3)\client\client\x64\Debug\qrc_main.obj
E:\TsinghuaCourses\大一暑\c++\大作业\client (3)\client\client\x64\Debug\registerwindow.obj
E:\TsinghuaCourses\大一暑\c++\大作业\client (3)\client\client\x64\Debug\testclient.obj
E:\TsinghuaCourses\大一暑\c++\大作业\client (3)\client\client\x64\Debug\ticket.obj
E:\TsinghuaCourses\大一暑\c++\大作业\client (3)\client\client\x64\Debug\train.obj
E:\TsinghuaCourses\大一暑\c++\大作业\client (3)\client\client\x64\Debug\user.obj
E:\TsinghuaCourses\大一暑\c++\大作业\client (3)\client\client\x64\Debug\cl.command.1.tlog
E:\TsinghuaCourses\大一暑\c++\大作业\client (3)\client\client\x64\Debug\CL.read.1.tlog
E:\TsinghuaCourses\大一暑\c++\大作业\client (3)\client\client\x64\Debug\CL.write.1.tlog
E:\TsinghuaCourses\大一暑\c++\大作业\client (3)\client\client\x64\Debug\custombuild.command.1.tlog
E:\TsinghuaCourses\大一暑\c++\大作业\client (3)\client\client\x64\Debug\custombuild.read.1.tlog
E:\TsinghuaCourses\大一暑\c++\大作业\client (3)\client\client\x64\Debug\custombuild.write.1.tlog
E:\TsinghuaCourses\大一暑\c++\大作业\client (3)\client\client\x64\Debug\link-cvtres.read.1.tlog
E:\TsinghuaCourses\大一暑\c++\大作业\client (3)\client\client\x64\Debug\link-cvtres.write.1.tlog
E:\TsinghuaCourses\大一暑\c++\大作业\client (3)\client\client\x64\Debug\link-rc.read.1.tlog
E:\TsinghuaCourses\大一暑\c++\大作业\client (3)\client\client\x64\Debug\link-rc.write.1.tlog
E:\TsinghuaCourses\大一暑\c++\大作业\client (3)\client\client\x64\Debug\link.10076-cvtres.read.1.tlog
E:\TsinghuaCourses\大一暑\c++\大作业\client (3)\client\client\x64\Debug\link.10076-cvtres.write.1.tlog
E:\TsinghuaCourses\大一暑\c++\大作业\client (3)\client\client\x64\Debug\link.10076-rc.read.1.tlog
E:\TsinghuaCourses\大一暑\c++\大作业\client (3)\client\client\x64\Debug\link.10076-rc.write.1.tlog
E:\TsinghuaCourses\大一暑\c++\大作业\client (3)\client\client\x64\Debug\link.10076.read.1.tlog
E:\TsinghuaCourses\大一暑\c++\大作业\client (3)\client\client\x64\Debug\link.10076.write.1.tlog
E:\TsinghuaCourses\大一暑\c++\大作业\client (3)\client\client\x64\Debug\link.11200-cvtres.read.1.tlog
E:\TsinghuaCourses\大一暑\c++\大作业\client (3)\client\client\x64\Debug\link.11200-cvtres.write.1.tlog
E:\TsinghuaCourses\大一暑\c++\大作业\client (3)\client\client\x64\Debug\link.11200-rc.read.1.tlog
E:\TsinghuaCourses\大一暑\c++\大作业\client (3)\client\client\x64\Debug\link.11200-rc.write.1.tlog
E:\TsinghuaCourses\大一暑\c++\大作业\client (3)\client\client\x64\Debug\link.11200.read.1.tlog
E:\TsinghuaCourses\大一暑\c++\大作业\client (3)\client\client\x64\Debug\link.11200.write.1.tlog
E:\TsinghuaCourses\大一暑\c++\大作业\client (3)\client\client\x64\Debug\link.11588-cvtres.read.1.tlog
E:\TsinghuaCourses\大一暑\c++\大作业\client (3)\client\client\x64\Debug\link.11588-cvtres.write.1.tlog
E:\TsinghuaCourses\大一暑\c++\大作业\client (3)\client\client\x64\Debug\link.11588-rc.read.1.tlog
E:\TsinghuaCourses\大一暑\c++\大作业\client (3)\client\client\x64\Debug\link.11588-rc.write.1.tlog
E:\TsinghuaCourses\大一暑\c++\大作业\client (3)\client\client\x64\Debug\link.11588.read.1.tlog
E:\TsinghuaCourses\大一暑\c++\大作业\client (3)\client\client\x64\Debug\link.11588.write.1.tlog
E:\TsinghuaCourses\大一暑\c++\大作业\client (3)\client\client\x64\Debug\link.12072-cvtres.read.1.tlog
E:\TsinghuaCourses\大一暑\c++\大作业\client (3)\client\client\x64\Debug\link.12072-cvtres.write.1.tlog
E:\TsinghuaCourses\大一暑\c++\大作业\client (3)\client\client\x64\Debug\link.12072-rc.read.1.tlog
E:\TsinghuaCourses\大一暑\c++\大作业\client (3)\client\client\x64\Debug\link.12072-rc.write.1.tlog
E:\TsinghuaCourses\大一暑\c++\大作业\client (3)\client\client\x64\Debug\link.12072.read.1.tlog
E:\TsinghuaCourses\大一暑\c++\大作业\client (3)\client\client\x64\Debug\link.12072.write.1.tlog
E:\TsinghuaCourses\大一暑\c++\大作业\client (3)\client\client\x64\Debug\link.12084-cvtres.read.1.tlog
E:\TsinghuaCourses\大一暑\c++\大作业\client (3)\client\client\x64\Debug\link.12084-cvtres.write.1.tlog
E:\TsinghuaCourses\大一暑\c++\大作业\client (3)\client\client\x64\Debug\link.12084-rc.read.1.tlog
E:\TsinghuaCourses\大一暑\c++\大作业\client (3)\client\client\x64\Debug\link.12084-rc.write.1.tlog
E:\TsinghuaCourses\大一暑\c++\大作业\client (3)\client\client\x64\Debug\link.12084.read.1.tlog
E:\TsinghuaCourses\大一暑\c++\大作业\client (3)\client\client\x64\Debug\link.12084.write.1.tlog
E:\TsinghuaCourses\大一暑\c++\大作业\client (3)\client\client\x64\Debug\link.13184-cvtres.read.1.tlog
E:\TsinghuaCourses\大一暑\c++\大作业\client (3)\client\client\x64\Debug\link.13184-cvtres.write.1.tlog
E:\TsinghuaCourses\大一暑\c++\大作业\client (3)\client\client\x64\Debug\link.13184-rc.read.1.tlog
E:\TsinghuaCourses\大一暑\c++\大作业\client (3)\client\client\x64\Debug\link.13184-rc.write.1.tlog
E:\TsinghuaCourses\大一暑\c++\大作业\client (3)\client\client\x64\Debug\link.13184.read.1.tlog
E:\TsinghuaCourses\大一暑\c++\大作业\client (3)\client\client\x64\Debug\link.13184.write.1.tlog
E:\TsinghuaCourses\大一暑\c++\大作业\client (3)\client\client\x64\Debug\link.1416-cvtres.read.1.tlog
E:\TsinghuaCourses\大一暑\c++\大作业\client (3)\client\client\x64\Debug\link.1416-cvtres.write.1.tlog
E:\TsinghuaCourses\大一暑\c++\大作业\client (3)\client\client\x64\Debug\link.1416-rc.read.1.tlog
E:\TsinghuaCourses\大一暑\c++\大作业\client (3)\client\client\x64\Debug\link.1416-rc.write.1.tlog
E:\TsinghuaCourses\大一暑\c++\大作业\client (3)\client\client\x64\Debug\link.1416.read.1.tlog
E:\TsinghuaCourses\大一暑\c++\大作业\client (3)\client\client\x64\Debug\link.1416.write.1.tlog
E:\TsinghuaCourses\大一暑\c++\大作业\client (3)\client\client\x64\Debug\link.14352-cvtres.read.1.tlog
E:\TsinghuaCourses\大一暑\c++\大作业\client (3)\client\client\x64\Debug\link.14352-cvtres.write.1.tlog
E:\TsinghuaCourses\大一暑\c++\大作业\client (3)\client\client\x64\Debug\link.14352-rc.read.1.tlog
E:\TsinghuaCourses\大一暑\c++\大作业\client (3)\client\client\x64\Debug\link.14352-rc.write.1.tlog
E:\TsinghuaCourses\大一暑\c++\大作业\client (3)\client\client\x64\Debug\link.14352.read.1.tlog
E:\TsinghuaCourses\大一暑\c++\大作业\client (3)\client\client\x64\Debug\link.14352.write.1.tlog
E:\TsinghuaCourses\大一暑\c++\大作业\client (3)\client\client\x64\Debug\link.15244-cvtres.read.1.tlog
E:\TsinghuaCourses\大一暑\c++\大作业\client (3)\client\client\x64\Debug\link.15244-cvtres.write.1.tlog
E:\TsinghuaCourses\大一暑\c++\大作业\client (3)\client\client\x64\Debug\link.15244-rc.read.1.tlog
E:\TsinghuaCourses\大一暑\c++\大作业\client (3)\client\client\x64\Debug\link.15244-rc.write.1.tlog
E:\TsinghuaCourses\大一暑\c++\大作业\client (3)\client\client\x64\Debug\link.15244.read.1.tlog
E:\TsinghuaCourses\大一暑\c++\大作业\client (3)\client\client\x64\Debug\link.15244.write.1.tlog
E:\TsinghuaCourses\大一暑\c++\大作业\client (3)\client\client\x64\Debug\link.16008-cvtres.read.1.tlog
E:\TsinghuaCourses\大一暑\c++\大作业\client (3)\client\client\x64\Debug\link.16008-cvtres.write.1.tlog
E:\TsinghuaCourses\大一暑\c++\大作业\client (3)\client\client\x64\Debug\link.16008-rc.read.1.tlog
E:\TsinghuaCourses\大一暑\c++\大作业\client (3)\client\client\x64\Debug\link.16008-rc.write.1.tlog
E:\TsinghuaCourses\大一暑\c++\大作业\client (3)\client\client\x64\Debug\link.16008.read.1.tlog
E:\TsinghuaCourses\大一暑\c++\大作业\client (3)\client\client\x64\Debug\link.16008.write.1.tlog
E:\TsinghuaCourses\大一暑\c++\大作业\client (3)\client\client\x64\Debug\link.17044-cvtres.read.1.tlog
E:\TsinghuaCourses\大一暑\c++\大作业\client (3)\client\client\x64\Debug\link.17044-cvtres.write.1.tlog
E:\TsinghuaCourses\大一暑\c++\大作业\client (3)\client\client\x64\Debug\link.17044-rc.read.1.tlog
E:\TsinghuaCourses\大一暑\c++\大作业\client (3)\client\client\x64\Debug\link.17044-rc.write.1.tlog
E:\TsinghuaCourses\大一暑\c++\大作业\client (3)\client\client\x64\Debug\link.17044.read.1.tlog
E:\TsinghuaCourses\大一暑\c++\大作业\client (3)\client\client\x64\Debug\link.17044.write.1.tlog
E:\TsinghuaCourses\大一暑\c++\大作业\client (3)\client\client\x64\Debug\link.17456-cvtres.read.1.tlog
E:\TsinghuaCourses\大一暑\c++\大作业\client (3)\client\client\x64\Debug\link.17456-cvtres.write.1.tlog
E:\TsinghuaCourses\大一暑\c++\大作业\client (3)\client\client\x64\Debug\link.17456-rc.read.1.tlog
E:\TsinghuaCourses\大一暑\c++\大作业\client (3)\client\client\x64\Debug\link.17456-rc.write.1.tlog
E:\TsinghuaCourses\大一暑\c++\大作业\client (3)\client\client\x64\Debug\link.17456.read.1.tlog
E:\TsinghuaCourses\大一暑\c++\大作业\client (3)\client\client\x64\Debug\link.17456.write.1.tlog
E:\TsinghuaCourses\大一暑\c++\大作业\client (3)\client\client\x64\Debug\link.18204-cvtres.read.1.tlog
E:\TsinghuaCourses\大一暑\c++\大作业\client (3)\client\client\x64\Debug\link.18204-cvtres.write.1.tlog
E:\TsinghuaCourses\大一暑\c++\大作业\client (3)\client\client\x64\Debug\link.18204-rc.read.1.tlog
E:\TsinghuaCourses\大一暑\c++\大作业\client (3)\client\client\x64\Debug\link.18204-rc.write.1.tlog
E:\TsinghuaCourses\大一暑\c++\大作业\client (3)\client\client\x64\Debug\link.18204.read.1.tlog
E:\TsinghuaCourses\大一暑\c++\大作业\client (3)\client\client\x64\Debug\link.18204.write.1.tlog
E:\TsinghuaCourses\大一暑\c++\大作业\client (3)\client\client\x64\Debug\link.3748-cvtres.read.1.tlog
E:\TsinghuaCourses\大一暑\c++\大作业\client (3)\client\client\x64\Debug\link.3748-cvtres.write.1.tlog
E:\TsinghuaCourses\大一暑\c++\大作业\client (3)\client\client\x64\Debug\link.3748-rc.read.1.tlog
E:\TsinghuaCourses\大一暑\c++\大作业\client (3)\client\client\x64\Debug\link.3748-rc.write.1.tlog
E:\TsinghuaCourses\大一暑\c++\大作业\client (3)\client\client\x64\Debug\link.3748.read.1.tlog
E:\TsinghuaCourses\大一暑\c++\大作业\client (3)\client\client\x64\Debug\link.3748.write.1.tlog
E:\TsinghuaCourses\大一暑\c++\大作业\client (3)\client\client\x64\Debug\link.5308-cvtres.read.1.tlog
E:\TsinghuaCourses\大一暑\c++\大作业\client (3)\client\client\x64\Debug\link.5308-cvtres.write.1.tlog
E:\TsinghuaCourses\大一暑\c++\大作业\client (3)\client\client\x64\Debug\link.5308-rc.read.1.tlog
E:\TsinghuaCourses\大一暑\c++\大作业\client (3)\client\client\x64\Debug\link.5308-rc.write.1.tlog
E:\TsinghuaCourses\大一暑\c++\大作业\client (3)\client\client\x64\Debug\link.5308.read.1.tlog
E:\TsinghuaCourses\大一暑\c++\大作业\client (3)\client\client\x64\Debug\link.5308.write.1.tlog
E:\TsinghuaCourses\大一暑\c++\大作业\client (3)\client\client\x64\Debug\link.5392-cvtres.read.1.tlog
E:\TsinghuaCourses\大一暑\c++\大作业\client (3)\client\client\x64\Debug\link.5392-cvtres.write.1.tlog
E:\TsinghuaCourses\大一暑\c++\大作业\client (3)\client\client\x64\Debug\link.5392-rc.read.1.tlog
E:\TsinghuaCourses\大一暑\c++\大作业\client (3)\client\client\x64\Debug\link.5392-rc.write.1.tlog
E:\TsinghuaCourses\大一暑\c++\大作业\client (3)\client\client\x64\Debug\link.5392.read.1.tlog
E:\TsinghuaCourses\大一暑\c++\大作业\client (3)\client\client\x64\Debug\link.5392.write.1.tlog
E:\TsinghuaCourses\大一暑\c++\大作业\client (3)\client\client\x64\Debug\link.5784-cvtres.read.1.tlog
E:\TsinghuaCourses\大一暑\c++\大作业\client (3)\client\client\x64\Debug\link.5784-cvtres.write.1.tlog
E:\TsinghuaCourses\大一暑\c++\大作业\client (3)\client\client\x64\Debug\link.5784-rc.read.1.tlog
E:\TsinghuaCourses\大一暑\c++\大作业\client (3)\client\client\x64\Debug\link.5784-rc.write.1.tlog
E:\TsinghuaCourses\大一暑\c++\大作业\client (3)\client\client\x64\Debug\link.5784.read.1.tlog
E:\TsinghuaCourses\大一暑\c++\大作业\client (3)\client\client\x64\Debug\link.5784.write.1.tlog
E:\TsinghuaCourses\大一暑\c++\大作业\client (3)\client\client\x64\Debug\link.6160-cvtres.read.1.tlog
E:\TsinghuaCourses\大一暑\c++\大作业\client (3)\client\client\x64\Debug\link.6160-cvtres.write.1.tlog
E:\TsinghuaCourses\大一暑\c++\大作业\client (3)\client\client\x64\Debug\link.6160-rc.read.1.tlog
E:\TsinghuaCourses\大一暑\c++\大作业\client (3)\client\client\x64\Debug\link.6160-rc.write.1.tlog
E:\TsinghuaCourses\大一暑\c++\大作业\client (3)\client\client\x64\Debug\link.6160.read.1.tlog
E:\TsinghuaCourses\大一暑\c++\大作业\client (3)\client\client\x64\Debug\link.6160.write.1.tlog
E:\TsinghuaCourses\大一暑\c++\大作业\client (3)\client\client\x64\Debug\link.6664-cvtres.read.1.tlog
E:\TsinghuaCourses\大一暑\c++\大作业\client (3)\client\client\x64\Debug\link.6664-cvtres.write.1.tlog
E:\TsinghuaCourses\大一暑\c++\大作业\client (3)\client\client\x64\Debug\link.6664-rc.read.1.tlog
E:\TsinghuaCourses\大一暑\c++\大作业\client (3)\client\client\x64\Debug\link.6664-rc.write.1.tlog
E:\TsinghuaCourses\大一暑\c++\大作业\client (3)\client\client\x64\Debug\link.6664.read.1.tlog
E:\TsinghuaCourses\大一暑\c++\大作业\client (3)\client\client\x64\Debug\link.6664.write.1.tlog
E:\TsinghuaCourses\大一暑\c++\大作业\client (3)\client\client\x64\Debug\link.8292-cvtres.read.1.tlog
E:\TsinghuaCourses\大一暑\c++\大作业\client (3)\client\client\x64\Debug\link.8292-cvtres.write.1.tlog
E:\TsinghuaCourses\大一暑\c++\大作业\client (3)\client\client\x64\Debug\link.8292-rc.read.1.tlog
E:\TsinghuaCourses\大一暑\c++\大作业\client (3)\client\client\x64\Debug\link.8292-rc.write.1.tlog
E:\TsinghuaCourses\大一暑\c++\大作业\client (3)\client\client\x64\Debug\link.8292.read.1.tlog
E:\TsinghuaCourses\大一暑\c++\大作业\client (3)\client\client\x64\Debug\link.8292.write.1.tlog
E:\TsinghuaCourses\大一暑\c++\大作业\client (3)\client\client\x64\Debug\link.8300-cvtres.read.1.tlog
E:\TsinghuaCourses\大一暑\c++\大作业\client (3)\client\client\x64\Debug\link.8300-cvtres.write.1.tlog
E:\TsinghuaCourses\大一暑\c++\大作业\client (3)\client\client\x64\Debug\link.8300-rc.read.1.tlog
E:\TsinghuaCourses\大一暑\c++\大作业\client (3)\client\client\x64\Debug\link.8300-rc.write.1.tlog
E:\TsinghuaCourses\大一暑\c++\大作业\client (3)\client\client\x64\Debug\link.8300.read.1.tlog
E:\TsinghuaCourses\大一暑\c++\大作业\client (3)\client\client\x64\Debug\link.8300.write.1.tlog
E:\TsinghuaCourses\大一暑\c++\大作业\client (3)\client\client\x64\Debug\link.9092-cvtres.read.1.tlog
E:\TsinghuaCourses\大一暑\c++\大作业\client (3)\client\client\x64\Debug\link.9092-cvtres.write.1.tlog
E:\TsinghuaCourses\大一暑\c++\大作业\client (3)\client\client\x64\Debug\link.9092-rc.read.1.tlog
E:\TsinghuaCourses\大一暑\c++\大作业\client (3)\client\client\x64\Debug\link.9092-rc.write.1.tlog
E:\TsinghuaCourses\大一暑\c++\大作业\client (3)\client\client\x64\Debug\link.9092.read.1.tlog
E:\TsinghuaCourses\大一暑\c++\大作业\client (3)\client\client\x64\Debug\link.9092.write.1.tlog
E:\TsinghuaCourses\大一暑\c++\大作业\client (3)\client\client\x64\Debug\link.944-cvtres.read.1.tlog
E:\TsinghuaCourses\大一暑\c++\大作业\client (3)\client\client\x64\Debug\link.944-cvtres.write.1.tlog
E:\TsinghuaCourses\大一暑\c++\大作业\client (3)\client\client\x64\Debug\link.944-rc.read.1.tlog
E:\TsinghuaCourses\大一暑\c++\大作业\client (3)\client\client\x64\Debug\link.944-rc.write.1.tlog
E:\TsinghuaCourses\大一暑\c++\大作业\client (3)\client\client\x64\Debug\link.944.read.1.tlog
E:\TsinghuaCourses\大一暑\c++\大作业\client (3)\client\client\x64\Debug\link.944.write.1.tlog
E:\TsinghuaCourses\大一暑\c++\大作业\client (3)\client\client\x64\Debug\link.9456-cvtres.read.1.tlog
E:\TsinghuaCourses\大一暑\c++\大作业\client (3)\client\client\x64\Debug\link.9456-cvtres.write.1.tlog
E:\TsinghuaCourses\大一暑\c++\大作业\client (3)\client\client\x64\Debug\link.9456-rc.read.1.tlog
E:\TsinghuaCourses\大一暑\c++\大作业\client (3)\client\client\x64\Debug\link.9456-rc.write.1.tlog
E:\TsinghuaCourses\大一暑\c++\大作业\client (3)\client\client\x64\Debug\link.9456.read.1.tlog
E:\TsinghuaCourses\大一暑\c++\大作业\client (3)\client\client\x64\Debug\link.9456.write.1.tlog
E:\TsinghuaCourses\大一暑\c++\大作业\client (3)\client\client\x64\Debug\link.command.1.tlog
E:\TsinghuaCourses\大一暑\c++\大作业\client (3)\client\client\x64\Debug\link.read.1.tlog
E:\TsinghuaCourses\大一暑\c++\大作业\client (3)\client\client\x64\Debug\link.write.1.tlog
E:\TsinghuaCourses\大一暑\c++\大作业\client (3)\client\client\x64\Debug\vc110.pdb
E:\TsinghuaCourses\大一暑\c++\大作业\client (3)\client\x64\Debug\12306.pdb
E:\TsinghuaCourses\大一暑\c++\大作业\client (3)\client\x64\Debug\12306.exe
E:\TsinghuaCourses\大一暑\c++\大作业\client (3)\client\x64\Debug\12306.ilk
