D:\DOCUMENTS\CLIENT\CLIENT\X64\DEBUG\TICKET.OBJ
D:\DOCUMENTS\CLIENT\CLIENT\X64\DEBUG\TESTCLIENT.OBJ
D:\DOCUMENTS\CLIENT\CLIENT\X64\DEBUG\REGISTERWINDOW.OBJ
D:\DOCUMENTS\CLIENT\CLIENT\X64\DEBUG\MAINWINDOW.OBJ
D:\DOCUMENTS\CLIENT\CLIENT\X64\DEBUG\MAIN.OBJ
D:\DOCUMENTS\CLIENT\CLIENT\X64\DEBUG\LOGINWINDOW.OBJ
D:\DOCUMENTS\CLIENT\CLIENT\X64\DEBUG\MOC_USER.OBJ
D:\DOCUMENTS\CLIENT\CLIENT\X64\DEBUG\MOC_TRAIN.OBJ
D:\DOCUMENTS\CLIENT\CLIENT\X64\DEBUG\MOC_TESTCLIENT.OBJ
D:\DOCUMENTS\CLIENT\CLIENT\X64\DEBUG\MOC_REGISTERWINDOW.OBJ
D:\DOCUMENTS\CLIENT\CLIENT\X64\DEBUG\MOC_MAINWINDOW.OBJ
D:\DOCUMENTS\CLIENT\CLIENT\X64\DEBUG\MOC_LOGINWINDOW.OBJ
D:\DOCUMENTS\CLIENT\CLIENT\X64\DEBUG\MOC_ADMINWINDOW.OBJ
D:\DOCUMENTS\CLIENT\CLIENT\X64\DEBUG\MOC_ADMIN.OBJ
D:\DOCUMENTS\CLIENT\CLIENT\X64\DEBUG\MOC_ADDTRAINWINDOW.OBJ
D:\DOCUMENTS\CLIENT\CLIENT\X64\DEBUG\MOC_ABSTRACTUSER.OBJ
D:\DOCUMENTS\CLIENT\CLIENT\X64\DEBUG\ADMINWINDOW.OBJ
D:\DOCUMENTS\CLIENT\CLIENT\X64\DEBUG\ADMIN.OBJ
D:\DOCUMENTS\CLIENT\CLIENT\X64\DEBUG\ADDTRAINWINDOW.OBJ
D:\DOCUMENTS\CLIENT\CLIENT\X64\DEBUG\ABSTRACTUSER.OBJ
D:\DOCUMENTS\CLIENT\CLIENT\X64\DEBUG\USER.OBJ
D:\DOCUMENTS\CLIENT\CLIENT\X64\DEBUG\TRAIN.OBJ
D:\DOCUMENTS\CLIENT\CLIENT\X64\DEBUG\VC110.PDB
D:\DOCUMENTS\CLIENT\CLIENT\X64\DEBUG\QRC_MAIN.OBJ
D:\DOCUMENTS\CLIENT\CLIENT\X64\DEBUG\QRC_LOGINWINDOW.OBJ
D:\DOCUMENTS\CLIENT\CLIENT\GENERATEDFILES\DEBUG\MOC_LOGINWINDOW.CPP
D:\DOCUMENTS\CLIENT\CLIENT\GENERATEDFILES\DEBUG\MOC_ADMIN.CPP
D:\DOCUMENTS\CLIENT\CLIENT\GENERATEDFILES\DEBUG\MOC_ADDTRAINWINDOW.CPP
D:\DOCUMENTS\CLIENT\CLIENT\GENERATEDFILES\DEBUG\MOC_ABSTRACTUSER.CPP
D:\DOCUMENTS\CLIENT\CLIENT\GENERATEDFILES\DEBUG\MOC_TESTCLIENT.CPP
D:\DOCUMENTS\CLIENT\CLIENT\GENERATEDFILES\DEBUG\MOC_MAINWINDOW.CPP
D:\DOCUMENTS\CLIENT\CLIENT\GENERATEDFILES\DEBUG\MOC_REGISTERWINDOW.CPP
D:\DOCUMENTS\CLIENT\CLIENT\GENERATEDFILES\UI_REGISTERWINDOW.H
D:\DOCUMENTS\CLIENT\CLIENT\GENERATEDFILES\UI_LOGINWINDOW.H
D:\DOCUMENTS\CLIENT\CLIENT\GENERATEDFILES\QRC_LOGINWINDOW.CPP
D:\DOCUMENTS\CLIENT\CLIENT\GENERATEDFILES\QRC_MAIN.CPP
D:\DOCUMENTS\CLIENT\CLIENT\GENERATEDFILES\UI_MAINWINDOW.H
D:\DOCUMENTS\CLIENT\CLIENT\GENERATEDFILES\UI_TEST.H
D:\DOCUMENTS\CLIENT\CLIENT\GENERATEDFILES\UI_PAY.H
D:\DOCUMENTS\CLIENT\CLIENT\GENERATEDFILES\UI_TRAINDETAIL.H
D:\DOCUMENTS\CLIENT\CLIENT\GENERATEDFILES\UI_MAINWINDOWADMIN.H
D:\DOCUMENTS\CLIENT\CLIENT\GENERATEDFILES\UI_ADDTRAIN.H
D:\DOCUMENTS\CLIENT\CLIENT\GENERATEDFILES\UI_DELETETRAIN.H
D:\DOCUMENTS\CLIENT\CLIENT\GENERATEDFILES\DEBUG\MOC_USER.CPP
D:\DOCUMENTS\CLIENT\CLIENT\GENERATEDFILES\DEBUG\MOC_ADMINWINDOW.CPP
D:\DOCUMENTS\CLIENT\CLIENT\GENERATEDFILES\DEBUG\MOC_EDITTRAINWINDOW.CPP
D:\DOCUMENTS\CLIENT\CLIENT\GENERATEDFILES\DEBUG\MOC_TRAIN.CPP
D:\DOCUMENTS\CLIENT\CLIENT\GENERATEDFILES\UI_EDITTRAIN.H
D:\DOCUMENTS\CLIENT\X64\DEBUG\CLIENT.ILK
D:\DOCUMENTS\CLIENT\X64\DEBUG\CLIENT.EXE
D:\DOCUMENTS\CLIENT\X64\DEBUG\CLIENT.PDB
D:\Documents\client\client\x64\Debug\abstractuser.obj
D:\Documents\client\client\x64\Debug\addtrainwindow.obj
D:\Documents\client\client\x64\Debug\admin.obj
D:\Documents\client\client\x64\Debug\adminwindow.obj
D:\Documents\client\client\x64\Debug\loginwindow.obj
D:\Documents\client\client\x64\Debug\main.obj
D:\Documents\client\client\x64\Debug\mainwindow.obj
D:\Documents\client\client\x64\Debug\moc_abstractuser.obj
D:\Documents\client\client\x64\Debug\moc_addTrainWindow.obj
D:\Documents\client\client\x64\Debug\moc_admin.obj
D:\Documents\client\client\x64\Debug\moc_adminwindow.obj
D:\Documents\client\client\x64\Debug\moc_loginwindow.obj
D:\Documents\client\client\x64\Debug\moc_mainwindow.obj
D:\Documents\client\client\x64\Debug\moc_registerwindow.obj
D:\Documents\client\client\x64\Debug\moc_testclient.obj
D:\Documents\client\client\x64\Debug\moc_train.obj
D:\Documents\client\client\x64\Debug\moc_user.obj
D:\Documents\client\client\x64\Debug\qrc_loginwindow.obj
D:\Documents\client\client\x64\Debug\qrc_main.obj
D:\Documents\client\client\x64\Debug\registerwindow.obj
D:\Documents\client\client\x64\Debug\testclient.obj
D:\Documents\client\client\x64\Debug\ticket.obj
D:\Documents\client\client\x64\Debug\train.obj
D:\Documents\client\client\x64\Debug\user.obj
D:\Documents\client\client\x64\Debug\cl.command.1.tlog
D:\Documents\client\client\x64\Debug\CL.read.1.tlog
D:\Documents\client\client\x64\Debug\CL.write.1.tlog
D:\Documents\client\client\x64\Debug\custombuild.command.1.tlog
D:\Documents\client\client\x64\Debug\custombuild.read.1.tlog
D:\Documents\client\client\x64\Debug\custombuild.write.1.tlog
D:\Documents\client\client\x64\Debug\link-cvtres.read.1.tlog
D:\Documents\client\client\x64\Debug\link-cvtres.write.1.tlog
D:\Documents\client\client\x64\Debug\link-rc.read.1.tlog
D:\Documents\client\client\x64\Debug\link-rc.write.1.tlog
D:\Documents\client\client\x64\Debug\link.10988-cvtres.read.1.tlog
D:\Documents\client\client\x64\Debug\link.10988-cvtres.write.1.tlog
D:\Documents\client\client\x64\Debug\link.10988-rc.read.1.tlog
D:\Documents\client\client\x64\Debug\link.10988-rc.write.1.tlog
D:\Documents\client\client\x64\Debug\link.10988.read.1.tlog
D:\Documents\client\client\x64\Debug\link.10988.write.1.tlog
D:\Documents\client\client\x64\Debug\link.16796-cvtres.read.1.tlog
D:\Documents\client\client\x64\Debug\link.16796-cvtres.write.1.tlog
D:\Documents\client\client\x64\Debug\link.16796-rc.read.1.tlog
D:\Documents\client\client\x64\Debug\link.16796-rc.write.1.tlog
D:\Documents\client\client\x64\Debug\link.16796.read.1.tlog
D:\Documents\client\client\x64\Debug\link.16796.write.1.tlog
D:\Documents\client\client\x64\Debug\link.command.1.tlog
D:\Documents\client\client\x64\Debug\link.read.1.tlog
D:\Documents\client\client\x64\Debug\link.write.1.tlog
D:\Documents\client\client\x64\Debug\vc110.pdb
D:\Documents\client\x64\Debug\client.pdb
D:\Documents\client\x64\Debug\client.exe
D:\Documents\client\x64\Debug\client.ilk
